Release 14.7 - xst P.20131013 (lin64)
Copyright (c) 1995-2013 Xilinx, Inc.  All rights reserved.
--> 
Parameter TMPDIR set to xst/projnav.tmp


Total REAL time to Xst completion: 0.00 secs
Total CPU time to Xst completion: 0.04 secs
 
--> 
Parameter xsthdpdir set to xst


Total REAL time to Xst completion: 0.00 secs
Total CPU time to Xst completion: 0.04 secs
 
--> 
Reading design: ALU.prj

TABLE OF CONTENTS
  1) Synthesis Options Summary
  2) HDL Compilation
  3) Design Hierarchy Analysis
  4) HDL Analysis
  5) HDL Synthesis
     5.1) HDL Synthesis Report
  6) Advanced HDL Synthesis
     6.1) Advanced HDL Synthesis Report
  7) Low Level Synthesis
  8) Partition Report
  9) Final Report
	9.1) Device utilization summary
	9.2) Partition Resource Summary
	9.3) TIMING REPORT


=========================================================================
*                      Synthesis Options Summary                        *
=========================================================================
---- Source Parameters
Input File Name                    : "ALU.prj"
Input Format                       : mixed
Ignore Synthesis Constraint File   : NO

---- Target Parameters
Output File Name                   : "ALU"
Output Format                      : NGC
Target Device                      : xc3s500e-4-fg320

---- Source Options
Top Module Name                    : ALU
Automatic FSM Extraction           : YES
FSM Encoding Algorithm             : Auto
Safe Implementation                : No
FSM Style                          : LUT
RAM Extraction                     : Yes
RAM Style                          : Auto
ROM Extraction                     : Yes
Mux Style                          : Auto
Decoder Extraction                 : YES
Priority Encoder Extraction        : Yes
Shift Register Extraction          : YES
Logical Shifter Extraction         : YES
XOR Collapsing                     : YES
ROM Style                          : Auto
Mux Extraction                     : Yes
Resource Sharing                   : YES
Asynchronous To Synchronous        : NO
Multiplier Style                   : Auto
Automatic Register Balancing       : No

---- Target Options
Add IO Buffers                     : YES
Global Maximum Fanout              : 100000
Add Generic Clock Buffer(BUFG)     : 24
Register Duplication               : YES
Slice Packing                      : YES
Optimize Instantiated Primitives   : NO
Use Clock Enable                   : Yes
Use Synchronous Set                : Yes
Use Synchronous Reset              : Yes
Pack IO Registers into IOBs        : Auto
Equivalent register Removal        : YES

---- General Options
Optimization Goal                  : Speed
Optimization Effort                : 1
Keep Hierarchy                     : No
Netlist Hierarchy                  : As_Optimized
RTL Output                         : Yes
Global Optimization                : AllClockNets
Read Cores                         : YES
Write Timing Constraints           : NO
Cross Clock Analysis               : NO
Hierarchy Separator                : /
Bus Delimiter                      : <>
Case Specifier                     : Maintain
Slice Utilization Ratio            : 100
BRAM Utilization Ratio             : 100
Verilog 2001                       : YES
Auto BRAM Packing                  : NO
Slice Utilization Ratio Delta      : 5

=========================================================================


=========================================================================
*                          HDL Compilation                              *
=========================================================================
Compiling verilog file "../ALU.v" in library work
Module <ALU> compiled
No errors in compilation
Analysis of file <"ALU.prj"> succeeded.
 

=========================================================================
*                     Design Hierarchy Analysis                         *
=========================================================================
Analyzing hierarchy for module <ALU> in library <work>.


=========================================================================
*                            HDL Analysis                               *
=========================================================================
Analyzing top module <ALU>.
Module <ALU> is correct for synthesis.
 

=========================================================================
*                           HDL Synthesis                               *
=========================================================================

Performing bidirectional port resolution...

Synthesizing Unit <ALU>.
    Related source file is "../ALU.v".
    Found 1-bit register for signal <result>.
    Found 1-bit addsub for signal <result$addsub0000>.
    Found 1-bit 8-to-1 multiplexer for signal <result$mux0000> created at line 31.
    Found 16-bit shifter logical left for signal <result$shift0002> created at line 36.
    Found 16-bit shifter logical right for signal <result$shift0003> created at line 37.
    Found 18-bit subtractor for signal <result$sub0000> created at line 38.
    Summary:
	inferred   1 D-type flip-flop(s).
	inferred   2 Adder/Subtractor(s).
	inferred   1 Multiplexer(s).
	inferred   2 Combinational logic shifter(s).
Unit <ALU> synthesized.

INFO:Xst:1767 - HDL ADVISOR - Resource sharing has identified that some arithmetic operations in this design can share the same physical resources for reduced device utilization. For improved clock frequency you may try to disable resource sharing.

=========================================================================
HDL Synthesis Report

Macro Statistics
# Adders/Subtractors                                   : 1
 1-bit addsub                                          : 1
# Registers                                            : 1
 1-bit register                                        : 1
# Multiplexers                                         : 1
 1-bit 8-to-1 multiplexer                              : 1
# Logic shifters                                       : 2
 16-bit shifter logical left                           : 1
 16-bit shifter logical right                          : 1

=========================================================================

=========================================================================
*                       Advanced HDL Synthesis                          *
=========================================================================


=========================================================================
Advanced HDL Synthesis Report

Macro Statistics
# Adders/Subtractors                                   : 1
 1-bit addsub                                          : 1
# Registers                                            : 1
 Flip-Flops                                            : 1
# Multiplexers                                         : 1
 1-bit 8-to-1 multiplexer                              : 1
# Logic shifters                                       : 2
 16-bit shifter logical left                           : 1
 16-bit shifter logical right                          : 1

=========================================================================

=========================================================================
*                         Low Level Synthesis                           *
=========================================================================

Optimizing unit <ALU> ...

Mapping all equations...
Building and optimizing final netlist ...
Found area constraint ratio of 100 (+ 5) on block ALU, actual ratio is 0.

Final Macro Processing ...

=========================================================================
Final Register Report

Macro Statistics
# Registers                                            : 1
 Flip-Flops                                            : 1

=========================================================================

=========================================================================
*                           Partition Report                            *
=========================================================================

Partition Implementation Status
-------------------------------

  No Partitions were found in this design.

-------------------------------

=========================================================================
*                            Final Report                               *
=========================================================================
Final Results
RTL Top Level Output File Name     : ALU.ngr
Top Level Output File Name         : ALU
Output Format                      : NGC
Optimization Goal                  : Speed
Keep Hierarchy                     : No

Design Statistics
# IOs                              : 37

Cell Usage :
# BELS                             : 26
#      LUT2                        : 2
#      LUT3                        : 8
#      LUT4                        : 11
#      MUXF5                       : 4
#      MUXF6                       : 1
# FlipFlops/Latches                : 1
#      FD                          : 1
# Clock Buffers                    : 1
#      BUFGP                       : 1
# IO Buffers                       : 36
#      IBUF                        : 35
#      OBUF                        : 1
=========================================================================

Device utilization summary:
---------------------------

Selected Device : 3s500efg320-4 

 Number of Slices:                       11  out of   4656     0%  
 Number of Slice Flip Flops:              1  out of   9312     0%  
 Number of 4 input LUTs:                 21  out of   9312     0%  
 Number of IOs:                          37
 Number of bonded IOBs:                  37  out of    232    15%  
 Number of GCLKs:                         1  out of     24     4%  

---------------------------
Partition Resource Summary:
---------------------------

  No Partitions were found in this design.

---------------------------


=========================================================================
TIMING REPORT

NOTE: THESE TIMING NUMBERS ARE ONLY A SYNTHESIS ESTIMATE.
      FOR ACCURATE TIMING INFORMATION PLEASE REFER TO THE TRACE REPORT
      GENERATED AFTER PLACE-and-ROUTE.

Clock Information:
------------------
-----------------------------------+------------------------+-------+
Clock Signal                       | Clock buffer(FF name)  | Load  |
-----------------------------------+------------------------+-------+
clock                              | BUFGP                  | 1     |
-----------------------------------+------------------------+-------+

Asynchronous Control Signals Information:
----------------------------------------
No asynchronous control signals found in this design

Timing Summary:
---------------
Speed Grade: -4

   Minimum period: 2.971ns (Maximum Frequency: 336.587MHz)
   Minimum input arrival time before clock: 7.865ns
   Maximum output required time after clock: 4.310ns
   Maximum combinational path delay: No path found

Timing Detail:
--------------
All values displayed in nanoseconds (ns)

=========================================================================
Timing constraint: Default period analysis for Clock 'clock'
  Clock period: 2.971ns (frequency: 336.587MHz)
  Total number of paths / destination ports: 1 / 1
-------------------------------------------------------------------------
Delay:               2.971ns (Levels of Logic = 3)
  Source:            result (FF)
  Destination:       result (FF)
  Source Clock:      clock rising
  Destination Clock: clock rising

  Data Path: result to result
                                Gate     Net
    Cell:in->out      fanout   Delay   Delay  Logical Name (Net Name)
    ----------------------------------------  ------------
     FD:C->Q               2   0.591   0.526  result (result_OBUF)
     LUT2:I1->O            1   0.704   0.000  Mmux_result_mux0000_4 (Mmux_result_mux0000_4)
     MUXF5:I1->O           1   0.321   0.000  Mmux_result_mux0000_3_f5 (Mmux_result_mux0000_3_f5)
     MUXF6:I1->O           1   0.521   0.000  Mmux_result_mux0000_2_f6 (result_mux0000)
     FD:D                      0.308          result
    ----------------------------------------
    Total                      2.971ns (2.445ns logic, 0.526ns route)
                                       (82.3% logic, 17.7% route)

=========================================================================
Timing constraint: Default OFFSET IN BEFORE for Clock 'clock'
  Total number of paths / destination ports: 72 / 1
-------------------------------------------------------------------------
Offset:              7.865ns (Levels of Logic = 8)
  Source:            in2<1> (PAD)
  Destination:       result (FF)
  Destination Clock: clock rising

  Data Path: in2<1> to result
                                Gate     Net
    Cell:in->out      fanout   Delay   Delay  Logical Name (Net Name)
    ----------------------------------------  ------------
     IBUF:I->O             9   1.218   0.995  in2_1_IBUF (in2_1_IBUF)
     LUT3:I0->O            1   0.704   0.000  result_shift0001<0>84_F (N2)
     MUXF5:I0->O           1   0.321   0.455  result_shift0001<0>84 (result_shift0001<0>84)
     LUT4:I2->O            1   0.704   0.455  result_shift0001<0>112 (result_shift0001<0>112)
     LUT4:I2->O            1   0.704   0.455  result_shift0001<0>294 (result_shift0001<0>)
     LUT3:I2->O            1   0.704   0.000  Mmux_result_mux0000_5 (Mmux_result_mux0000_5)
     MUXF5:I0->O           1   0.321   0.000  Mmux_result_mux0000_3_f5 (Mmux_result_mux0000_3_f5)
     MUXF6:I1->O           1   0.521   0.000  Mmux_result_mux0000_2_f6 (result_mux0000)
     FD:D                      0.308          result
    ----------------------------------------
    Total                      7.865ns (5.505ns logic, 2.360ns route)
                                       (70.0% logic, 30.0% route)

=========================================================================
Timing constraint: Default OFFSET OUT AFTER for Clock 'clock'
  Total number of paths / destination ports: 1 / 1
-------------------------------------------------------------------------
Offset:              4.310ns (Levels of Logic = 1)
  Source:            result (FF)
  Destination:       result (PAD)
  Source Clock:      clock rising

  Data Path: result to result
                                Gate     Net
    Cell:in->out      fanout   Delay   Delay  Logical Name (Net Name)
    ----------------------------------------  ------------
     FD:C->Q               2   0.591   0.447  result (result_OBUF)
     OBUF:I->O                 3.272          result_OBUF (result)
    ----------------------------------------
    Total                      4.310ns (3.863ns logic, 0.447ns route)
                                       (89.6% logic, 10.4% route)

=========================================================================


Total REAL time to Xst completion: 3.00 secs
Total CPU time to Xst completion: 3.24 secs
 
--> 


Total memory usage is 515100 kilobytes

Number of errors   :    0 (   0 filtered)
Number of warnings :    0 (   0 filtered)
Number of infos    :    1 (   0 filtered)

